[debug] [2021-05-04T07:51:50.478Z] ----------------------------------------------------------------------
[debug] [2021-05-04T07:51:50.480Z] Command:       C:\Program Files (x86)\nodejs\node.exe C:\Users\Rakesh Gandla\AppData\Roaming\npm\node_modules\firebase-tools\lib\bin\firebase.js init
[debug] [2021-05-04T07:51:50.480Z] CLI Version:   9.10.0
[debug] [2021-05-04T07:51:50.480Z] Platform:      win32
[debug] [2021-05-04T07:51:50.480Z] Node Version:  v12.18.0
[debug] [2021-05-04T07:51:50.481Z] Time:          Tue May 04 2021 13:21:50 GMT+0530 (India Standard Time)
[debug] [2021-05-04T07:51:50.481Z] ----------------------------------------------------------------------
[debug] 
[debug] [2021-05-04T07:51:50.487Z] > command requires scopes: ["email","openid","https://www.googleapis.com/auth/cloudplatformprojects.readonly","https://www.googleapis.com/auth/firebase","https://www.googleapis.com/auth/cloud-platform"]
[debug] [2021-05-04T07:51:50.487Z] > authorizing via signed-in user (rakeshraki2453@gmail.com)
[info] 
     ######## #### ########  ######## ########     ###     ######  ########
     ##        ##  ##     ## ##       ##     ##  ##   ##  ##       ##
     ######    ##  ########  ######   ########  #########  ######  ######
     ##        ##  ##    ##  ##       ##     ## ##     ##       ## ##
     ##       #### ##     ## ######## ########  ##     ##  ######  ########

You're about to initialize a Firebase project in this directory:

  C:\Workspace\hospital-bed-tracker\hospital-bed-tracker

Before we get started, keep in mind:

  * You are currently outside your home directory

